<?xml version="1.0" encoding="UTF-8"?>
<!-- Generated by org.testng.reporters.JUnitXMLReporter -->
<testsuite ignored="5" hostname="DESKTOP-9DH3JAO" failures="0" tests="1" name="Default test" time="16.485" errors="0" timestamp="2023-07-08T15:06:22 IST">
  <testcase classname="com.tutorialsninja.qa.testCases.TestSearch" name="verifySearchingUsingTextFromProductDescription" time="3.644"/>
  <testcase classname="com.tutorialsninja.qa.testCases.TestSearch" name="verifySearchingWithExistingProductName" time="0.0">
    <ignored/>
  </testcase> <!-- verifySearchingWithExistingProductName -->
  <testcase classname="com.tutorialsninja.qa.testCases.TestSearch" name="verifySearchingWithotProvidingAnyProductName" time="0.0">
    <ignored/>
  </testcase> <!-- verifySearchingWithotProvidingAnyProductName -->
  <testcase classname="com.tutorialsninja.qa.testCases.TestSearch" name="verifySearchingWithSearchingCriteria" time="0.0">
    <ignored/>
  </testcase> <!-- verifySearchingWithSearchingCriteria -->
  <testcase classname="com.tutorialsninja.qa.testCases.TestSearch" name="verifySearchingWithNonExistingProductName" time="0.0">
    <ignored/>
  </testcase> <!-- verifySearchingWithNonExistingProductName -->
  <testcase classname="com.tutorialsninja.qa.testCases.TestSearch" name="verifySearchingForProductAfterLoginToApplication" time="0.0">
    <ignored/>
  </testcase> <!-- verifySearchingForProductAfterLoginToApplication -->
</testsuite> <!-- Default test -->
