<?xml version="1.0" encoding="UTF-8"?>
<!-- Generated by org.testng.reporters.JUnitXMLReporter -->
<testsuite ignored="0" hostname="DESKTOP-9E25G1U" failures="5" tests="66" name="Automation Test cases" time="543.75" errors="0" timestamp="2023-08-02T17:06:40 IST">
  <testcase classname="com.tutorialsninja.qa.testCases.TestRegister" name="@BeforeMethod initilization" time="4.049">
    <failure type="org.openqa.selenium.SessionNotCreatedException" message="Could not start a new session. Response code 500. Message: session not created
from no such execution context: uniqueContextId not found
  (Session info: MicrosoftEdge=115.0.1901.188) 
Host info: host: &amp;apos;DESKTOP-9E25G1U&amp;apos;, ip: &amp;apos;192.168.1.39&amp;apos;
Build info: version: &amp;apos;4.10.0&amp;apos;, revision: &amp;apos;c14d967899&amp;apos;
System info: os.name: &amp;apos;Windows 10&amp;apos;, os.arch: &amp;apos;amd64&amp;apos;, os.version: &amp;apos;10.0&amp;apos;, java.version: &amp;apos;17.0.5&amp;apos;
Driver info: org.openqa.selenium.edge.EdgeDriver
Command: [null, newSession {capabilities=[Capabilities {browserName: MicrosoftEdge, ms:edgeOptions: {args: [--remote-allow-origins=*], extensions: []}}]}]">
      <![CDATA[org.openqa.selenium.SessionNotCreatedException: Could not start a new session. Response code 500. Message: session not created
from no such execution context: uniqueContextId not found
  (Session info: MicrosoftEdge=115.0.1901.188) 
Host info: host: 'DESKTOP-9E25G1U', ip: '192.168.1.39'
Build info: version: '4.10.0', revision: 'c14d967899'
System info: os.name: 'Windows 10', os.arch: 'amd64', os.version: '10.0', java.version: '17.0.5'
Driver info: org.openqa.selenium.edge.EdgeDriver
Command: [null, newSession {capabilities=[Capabilities {browserName: MicrosoftEdge, ms:edgeOptions: {args: [--remote-allow-origins=*], extensions: []}}]}]
at org.openqa.selenium.remote.ProtocolHandshake.createSession(ProtocolHandshake.java:140)
at org.openqa.selenium.remote.ProtocolHandshake.createSession(ProtocolHandshake.java:96)
at org.openqa.selenium.remote.ProtocolHandshake.createSession(ProtocolHandshake.java:68)
at org.openqa.selenium.remote.HttpCommandExecutor.execute(HttpCommandExecutor.java:163)
at org.openqa.selenium.remote.service.DriverCommandExecutor.invokeExecute(DriverCommandExecutor.java:196)
at org.openqa.selenium.remote.service.DriverCommandExecutor.execute(DriverCommandExecutor.java:171)
at org.openqa.selenium.remote.RemoteWebDriver.execute(RemoteWebDriver.java:531)
at org.openqa.selenium.remote.RemoteWebDriver.startSession(RemoteWebDriver.java:227)
at org.openqa.selenium.remote.RemoteWebDriver.<init>(RemoteWebDriver.java:154)
at org.openqa.selenium.chromium.ChromiumDriver.<init>(ChromiumDriver.java:107)
at org.openqa.selenium.edge.EdgeDriver.<init>(EdgeDriver.java:59)
at org.openqa.selenium.edge.EdgeDriver.<init>(EdgeDriver.java:55)
at org.openqa.selenium.edge.EdgeDriver.<init>(EdgeDriver.java:47)
at com.tutorialsninja.qa.conftest.conftest.setup(conftest.java:62)
at com.tutorialsninja.qa.testCases.TestRegister.initilization(TestRegister.java:26)
at java.base/java.util.ArrayList.forEach(ArrayList.java:1511)
... Removed 31 stack frames]]>
    </failure>
  </testcase> <!-- @BeforeMethod initilization -->
  <testcase classname="com.tutorialsninja.qa.testCases.TestRegister" name="@AfterMethod tearDown" time="0.012">
    <failure type="org.openqa.selenium.NoSuchSessionException" message="invalid session id
Build info: version: &amp;apos;4.10.0&amp;apos;, revision: &amp;apos;c14d967899&amp;apos;
System info: os.name: &amp;apos;Windows 10&amp;apos;, os.arch: &amp;apos;amd64&amp;apos;, os.version: &amp;apos;10.0&amp;apos;, java.version: &amp;apos;17.0.5&amp;apos;
Driver info: org.openqa.selenium.edge.EdgeDriver
Command: [87f3f460de81c25633ba9e3654bb55e9, close {}]
Capabilities {acceptInsecureCerts: false, browserName: msedge, browserVersion: 115.0.1901.188, ms:edgeOptions: {debuggerAddress: localhost:54143}, msedge: {msedgedriverVersion: 115.0.1901.188 (b51b39339c4..., userDataDir: C:\Users\Zuber\AppData\Loca...}, networkConnectionEnabled: false, pageLoadStrategy: normal, platformName: windows, proxy: Proxy(), se:cdp: ws://localhost:54143/devtoo..., se:cdpVersion: 115.0.1901.188, setWindowRect: true, strictFileInteractability: false, timeouts: {implicit: 0, pageLoad: 300000, script: 30000}, unhandledPromptBehavior: dismiss and notify, webauthn:extension:credBlob: true, webauthn:extension:largeBlob: true, webauthn:extension:minPinLength: true, webauthn:extension:prf: true, webauthn:virtualAuthenticators: true}
Session ID: 87f3f460de81c25633ba9e3654bb55e9">
      <![CDATA[org.openqa.selenium.NoSuchSessionException: invalid session id
Build info: version: '4.10.0', revision: 'c14d967899'
System info: os.name: 'Windows 10', os.arch: 'amd64', os.version: '10.0', java.version: '17.0.5'
Driver info: org.openqa.selenium.edge.EdgeDriver
Command: [87f3f460de81c25633ba9e3654bb55e9, close {}]
Capabilities {acceptInsecureCerts: false, browserName: msedge, browserVersion: 115.0.1901.188, ms:edgeOptions: {debuggerAddress: localhost:54143}, msedge: {msedgedriverVersion: 115.0.1901.188 (b51b39339c4..., userDataDir: C:\Users\Zuber\AppData\Loca...}, networkConnectionEnabled: false, pageLoadStrategy: normal, platformName: windows, proxy: Proxy(), se:cdp: ws://localhost:54143/devtoo..., se:cdpVersion: 115.0.1901.188, setWindowRect: true, strictFileInteractability: false, timeouts: {implicit: 0, pageLoad: 300000, script: 30000}, unhandledPromptBehavior: dismiss and notify, webauthn:extension:credBlob: true, webauthn:extension:largeBlob: true, webauthn:extension:minPinLength: true, webauthn:extension:prf: true, webauthn:virtualAuthenticators: true}
Session ID: 87f3f460de81c25633ba9e3654bb55e9
at org.openqa.selenium.remote.codec.w3c.W3CHttpResponseCodec.createException(W3CHttpResponseCodec.java:199)
at org.openqa.selenium.remote.codec.w3c.W3CHttpResponseCodec.decode(W3CHttpResponseCodec.java:132)
at org.openqa.selenium.remote.codec.w3c.W3CHttpResponseCodec.decode(W3CHttpResponseCodec.java:51)
at org.openqa.selenium.remote.HttpCommandExecutor.execute(HttpCommandExecutor.java:191)
at org.openqa.selenium.remote.service.DriverCommandExecutor.invokeExecute(DriverCommandExecutor.java:196)
at org.openqa.selenium.remote.service.DriverCommandExecutor.execute(DriverCommandExecutor.java:171)
at org.openqa.selenium.remote.RemoteWebDriver.execute(RemoteWebDriver.java:531)
at org.openqa.selenium.remote.RemoteWebDriver.execute(RemoteWebDriver.java:590)
at org.openqa.selenium.remote.RemoteWebDriver.execute(RemoteWebDriver.java:594)
at org.openqa.selenium.remote.RemoteWebDriver.close(RemoteWebDriver.java:418)
at com.tutorialsninja.qa.testCases.TestRegister.tearDown(TestRegister.java:32)
at java.base/java.util.ArrayList.forEach(ArrayList.java:1511)
... Removed 37 stack frames]]>
    </failure>
  </testcase> <!-- @AfterMethod tearDown -->
  <testcase classname="com.tutorialsninja.qa.testCases.TestLogin" name="@BeforeMethod initilization" time="5.41">
    <failure type="org.openqa.selenium.SessionNotCreatedException" message="Could not start a new session. Response code 500. Message: session not created
from no such execution context: loader has changed while resolving nodes
  (Session info: MicrosoftEdge=115.0.1901.188) 
Host info: host: &amp;apos;DESKTOP-9E25G1U&amp;apos;, ip: &amp;apos;192.168.1.39&amp;apos;
Build info: version: &amp;apos;4.10.0&amp;apos;, revision: &amp;apos;c14d967899&amp;apos;
System info: os.name: &amp;apos;Windows 10&amp;apos;, os.arch: &amp;apos;amd64&amp;apos;, os.version: &amp;apos;10.0&amp;apos;, java.version: &amp;apos;17.0.5&amp;apos;
Driver info: org.openqa.selenium.edge.EdgeDriver
Command: [null, newSession {capabilities=[Capabilities {browserName: MicrosoftEdge, ms:edgeOptions: {args: [--remote-allow-origins=*], extensions: []}}]}]">
      <![CDATA[org.openqa.selenium.SessionNotCreatedException: Could not start a new session. Response code 500. Message: session not created
from no such execution context: loader has changed while resolving nodes
  (Session info: MicrosoftEdge=115.0.1901.188) 
Host info: host: 'DESKTOP-9E25G1U', ip: '192.168.1.39'
Build info: version: '4.10.0', revision: 'c14d967899'
System info: os.name: 'Windows 10', os.arch: 'amd64', os.version: '10.0', java.version: '17.0.5'
Driver info: org.openqa.selenium.edge.EdgeDriver
Command: [null, newSession {capabilities=[Capabilities {browserName: MicrosoftEdge, ms:edgeOptions: {args: [--remote-allow-origins=*], extensions: []}}]}]
at org.openqa.selenium.remote.ProtocolHandshake.createSession(ProtocolHandshake.java:140)
at org.openqa.selenium.remote.ProtocolHandshake.createSession(ProtocolHandshake.java:96)
at org.openqa.selenium.remote.ProtocolHandshake.createSession(ProtocolHandshake.java:68)
at org.openqa.selenium.remote.HttpCommandExecutor.execute(HttpCommandExecutor.java:163)
at org.openqa.selenium.remote.service.DriverCommandExecutor.invokeExecute(DriverCommandExecutor.java:196)
at org.openqa.selenium.remote.service.DriverCommandExecutor.execute(DriverCommandExecutor.java:171)
at org.openqa.selenium.remote.RemoteWebDriver.execute(RemoteWebDriver.java:531)
at org.openqa.selenium.remote.RemoteWebDriver.startSession(RemoteWebDriver.java:227)
at org.openqa.selenium.remote.RemoteWebDriver.<init>(RemoteWebDriver.java:154)
at org.openqa.selenium.chromium.ChromiumDriver.<init>(ChromiumDriver.java:107)
at org.openqa.selenium.edge.EdgeDriver.<init>(EdgeDriver.java:59)
at org.openqa.selenium.edge.EdgeDriver.<init>(EdgeDriver.java:55)
at org.openqa.selenium.edge.EdgeDriver.<init>(EdgeDriver.java:47)
at com.tutorialsninja.qa.conftest.conftest.setup(conftest.java:62)
at com.tutorialsninja.qa.testCases.TestLogin.initilization(TestLogin.java:32)
at java.base/java.util.ArrayList.forEach(ArrayList.java:1511)
... Removed 31 stack frames]]>
    </failure>
  </testcase> <!-- @BeforeMethod initilization -->
  <testcase classname="com.tutorialsninja.qa.testCases.TestLogin" name="@AfterMethod tearDown" time="0.004">
    <failure type="org.openqa.selenium.NoSuchSessionException" message="invalid session id
Build info: version: &amp;apos;4.10.0&amp;apos;, revision: &amp;apos;c14d967899&amp;apos;
System info: os.name: &amp;apos;Windows 10&amp;apos;, os.arch: &amp;apos;amd64&amp;apos;, os.version: &amp;apos;10.0&amp;apos;, java.version: &amp;apos;17.0.5&amp;apos;
Driver info: org.openqa.selenium.edge.EdgeDriver
Command: [dcbc5491318a0aba098ef8693de30a9d, close {}]
Capabilities {acceptInsecureCerts: false, browserName: msedge, browserVersion: 115.0.1901.188, ms:edgeOptions: {debuggerAddress: localhost:54963}, msedge: {msedgedriverVersion: 115.0.1901.188 (b51b39339c4..., userDataDir: C:\Users\Zuber\AppData\Loca...}, networkConnectionEnabled: false, pageLoadStrategy: normal, platformName: windows, proxy: Proxy(), se:cdp: ws://localhost:54963/devtoo..., se:cdpVersion: 115.0.1901.188, setWindowRect: true, strictFileInteractability: false, timeouts: {implicit: 0, pageLoad: 300000, script: 30000}, unhandledPromptBehavior: dismiss and notify, webauthn:extension:credBlob: true, webauthn:extension:largeBlob: true, webauthn:extension:minPinLength: true, webauthn:extension:prf: true, webauthn:virtualAuthenticators: true}
Session ID: dcbc5491318a0aba098ef8693de30a9d">
      <![CDATA[org.openqa.selenium.NoSuchSessionException: invalid session id
Build info: version: '4.10.0', revision: 'c14d967899'
System info: os.name: 'Windows 10', os.arch: 'amd64', os.version: '10.0', java.version: '17.0.5'
Driver info: org.openqa.selenium.edge.EdgeDriver
Command: [dcbc5491318a0aba098ef8693de30a9d, close {}]
Capabilities {acceptInsecureCerts: false, browserName: msedge, browserVersion: 115.0.1901.188, ms:edgeOptions: {debuggerAddress: localhost:54963}, msedge: {msedgedriverVersion: 115.0.1901.188 (b51b39339c4..., userDataDir: C:\Users\Zuber\AppData\Loca...}, networkConnectionEnabled: false, pageLoadStrategy: normal, platformName: windows, proxy: Proxy(), se:cdp: ws://localhost:54963/devtoo..., se:cdpVersion: 115.0.1901.188, setWindowRect: true, strictFileInteractability: false, timeouts: {implicit: 0, pageLoad: 300000, script: 30000}, unhandledPromptBehavior: dismiss and notify, webauthn:extension:credBlob: true, webauthn:extension:largeBlob: true, webauthn:extension:minPinLength: true, webauthn:extension:prf: true, webauthn:virtualAuthenticators: true}
Session ID: dcbc5491318a0aba098ef8693de30a9d
at org.openqa.selenium.remote.codec.w3c.W3CHttpResponseCodec.createException(W3CHttpResponseCodec.java:199)
at org.openqa.selenium.remote.codec.w3c.W3CHttpResponseCodec.decode(W3CHttpResponseCodec.java:132)
at org.openqa.selenium.remote.codec.w3c.W3CHttpResponseCodec.decode(W3CHttpResponseCodec.java:51)
at org.openqa.selenium.remote.HttpCommandExecutor.execute(HttpCommandExecutor.java:191)
at org.openqa.selenium.remote.service.DriverCommandExecutor.invokeExecute(DriverCommandExecutor.java:196)
at org.openqa.selenium.remote.service.DriverCommandExecutor.execute(DriverCommandExecutor.java:171)
at org.openqa.selenium.remote.RemoteWebDriver.execute(RemoteWebDriver.java:531)
at org.openqa.selenium.remote.RemoteWebDriver.execute(RemoteWebDriver.java:590)
at org.openqa.selenium.remote.RemoteWebDriver.execute(RemoteWebDriver.java:594)
at org.openqa.selenium.remote.RemoteWebDriver.close(RemoteWebDriver.java:418)
at com.tutorialsninja.qa.testCases.TestLogin.tearDown(TestLogin.java:38)
at java.base/java.util.ArrayList.forEach(ArrayList.java:1511)
... Removed 37 stack frames]]>
    </failure>
  </testcase> <!-- @AfterMethod tearDown -->
  <testcase classname="com.tutorialsninja.qa.testCases.TestLogout" name="@BeforeMethod initilization" time="4.948">
    <failure type="org.openqa.selenium.SessionNotCreatedException" message="Could not start a new session. Response code 500. Message: session not created
from no such execution context: loader has changed while resolving nodes
  (Session info: MicrosoftEdge=115.0.1901.188) 
Host info: host: &amp;apos;DESKTOP-9E25G1U&amp;apos;, ip: &amp;apos;192.168.1.39&amp;apos;
Build info: version: &amp;apos;4.10.0&amp;apos;, revision: &amp;apos;c14d967899&amp;apos;
System info: os.name: &amp;apos;Windows 10&amp;apos;, os.arch: &amp;apos;amd64&amp;apos;, os.version: &amp;apos;10.0&amp;apos;, java.version: &amp;apos;17.0.5&amp;apos;
Driver info: org.openqa.selenium.edge.EdgeDriver
Command: [null, newSession {capabilities=[Capabilities {browserName: MicrosoftEdge, ms:edgeOptions: {args: [--remote-allow-origins=*], extensions: []}}]}]">
      <![CDATA[org.openqa.selenium.SessionNotCreatedException: Could not start a new session. Response code 500. Message: session not created
from no such execution context: loader has changed while resolving nodes
  (Session info: MicrosoftEdge=115.0.1901.188) 
Host info: host: 'DESKTOP-9E25G1U', ip: '192.168.1.39'
Build info: version: '4.10.0', revision: 'c14d967899'
System info: os.name: 'Windows 10', os.arch: 'amd64', os.version: '10.0', java.version: '17.0.5'
Driver info: org.openqa.selenium.edge.EdgeDriver
Command: [null, newSession {capabilities=[Capabilities {browserName: MicrosoftEdge, ms:edgeOptions: {args: [--remote-allow-origins=*], extensions: []}}]}]
at org.openqa.selenium.remote.ProtocolHandshake.createSession(ProtocolHandshake.java:140)
at org.openqa.selenium.remote.ProtocolHandshake.createSession(ProtocolHandshake.java:96)
at org.openqa.selenium.remote.ProtocolHandshake.createSession(ProtocolHandshake.java:68)
at org.openqa.selenium.remote.HttpCommandExecutor.execute(HttpCommandExecutor.java:163)
at org.openqa.selenium.remote.service.DriverCommandExecutor.invokeExecute(DriverCommandExecutor.java:196)
at org.openqa.selenium.remote.service.DriverCommandExecutor.execute(DriverCommandExecutor.java:171)
at org.openqa.selenium.remote.RemoteWebDriver.execute(RemoteWebDriver.java:531)
at org.openqa.selenium.remote.RemoteWebDriver.startSession(RemoteWebDriver.java:227)
at org.openqa.selenium.remote.RemoteWebDriver.<init>(RemoteWebDriver.java:154)
at org.openqa.selenium.chromium.ChromiumDriver.<init>(ChromiumDriver.java:107)
at org.openqa.selenium.edge.EdgeDriver.<init>(EdgeDriver.java:59)
at org.openqa.selenium.edge.EdgeDriver.<init>(EdgeDriver.java:55)
at org.openqa.selenium.edge.EdgeDriver.<init>(EdgeDriver.java:47)
at com.tutorialsninja.qa.conftest.conftest.setup(conftest.java:62)
at com.tutorialsninja.qa.testCases.TestLogout.initilization(TestLogout.java:28)
at java.base/java.util.ArrayList.forEach(ArrayList.java:1511)
... Removed 31 stack frames]]>
    </failure>
  </testcase> <!-- @BeforeMethod initilization -->
  <testcase classname="com.tutorialsninja.qa.testCases.TestLogout" name="@AfterMethod tearDown" time="0.022">
    <failure type="org.openqa.selenium.NoSuchSessionException" message="invalid session id
Build info: version: &amp;apos;4.10.0&amp;apos;, revision: &amp;apos;c14d967899&amp;apos;
System info: os.name: &amp;apos;Windows 10&amp;apos;, os.arch: &amp;apos;amd64&amp;apos;, os.version: &amp;apos;10.0&amp;apos;, java.version: &amp;apos;17.0.5&amp;apos;
Driver info: org.openqa.selenium.edge.EdgeDriver
Command: [aa224187d1a5a511097d228307357b3f, close {}]
Capabilities {acceptInsecureCerts: false, browserName: msedge, browserVersion: 115.0.1901.188, ms:edgeOptions: {debuggerAddress: localhost:55296}, msedge: {msedgedriverVersion: 115.0.1901.188 (b51b39339c4..., userDataDir: C:\Users\Zuber\AppData\Loca...}, networkConnectionEnabled: false, pageLoadStrategy: normal, platformName: windows, proxy: Proxy(), se:cdp: ws://localhost:55296/devtoo..., se:cdpVersion: 115.0.1901.188, setWindowRect: true, strictFileInteractability: false, timeouts: {implicit: 0, pageLoad: 300000, script: 30000}, unhandledPromptBehavior: dismiss and notify, webauthn:extension:credBlob: true, webauthn:extension:largeBlob: true, webauthn:extension:minPinLength: true, webauthn:extension:prf: true, webauthn:virtualAuthenticators: true}
Session ID: aa224187d1a5a511097d228307357b3f">
      <![CDATA[org.openqa.selenium.NoSuchSessionException: invalid session id
Build info: version: '4.10.0', revision: 'c14d967899'
System info: os.name: 'Windows 10', os.arch: 'amd64', os.version: '10.0', java.version: '17.0.5'
Driver info: org.openqa.selenium.edge.EdgeDriver
Command: [aa224187d1a5a511097d228307357b3f, close {}]
Capabilities {acceptInsecureCerts: false, browserName: msedge, browserVersion: 115.0.1901.188, ms:edgeOptions: {debuggerAddress: localhost:55296}, msedge: {msedgedriverVersion: 115.0.1901.188 (b51b39339c4..., userDataDir: C:\Users\Zuber\AppData\Loca...}, networkConnectionEnabled: false, pageLoadStrategy: normal, platformName: windows, proxy: Proxy(), se:cdp: ws://localhost:55296/devtoo..., se:cdpVersion: 115.0.1901.188, setWindowRect: true, strictFileInteractability: false, timeouts: {implicit: 0, pageLoad: 300000, script: 30000}, unhandledPromptBehavior: dismiss and notify, webauthn:extension:credBlob: true, webauthn:extension:largeBlob: true, webauthn:extension:minPinLength: true, webauthn:extension:prf: true, webauthn:virtualAuthenticators: true}
Session ID: aa224187d1a5a511097d228307357b3f
at org.openqa.selenium.remote.codec.w3c.W3CHttpResponseCodec.createException(W3CHttpResponseCodec.java:199)
at org.openqa.selenium.remote.codec.w3c.W3CHttpResponseCodec.decode(W3CHttpResponseCodec.java:132)
at org.openqa.selenium.remote.codec.w3c.W3CHttpResponseCodec.decode(W3CHttpResponseCodec.java:51)
at org.openqa.selenium.remote.HttpCommandExecutor.execute(HttpCommandExecutor.java:191)
at org.openqa.selenium.remote.service.DriverCommandExecutor.invokeExecute(DriverCommandExecutor.java:196)
at org.openqa.selenium.remote.service.DriverCommandExecutor.execute(DriverCommandExecutor.java:171)
at org.openqa.selenium.remote.RemoteWebDriver.execute(RemoteWebDriver.java:531)
at org.openqa.selenium.remote.RemoteWebDriver.execute(RemoteWebDriver.java:590)
at org.openqa.selenium.remote.RemoteWebDriver.execute(RemoteWebDriver.java:594)
at org.openqa.selenium.remote.RemoteWebDriver.close(RemoteWebDriver.java:418)
at com.tutorialsninja.qa.testCases.TestLogout.tearDown(TestLogout.java:37)
at java.base/java.util.ArrayList.forEach(ArrayList.java:1511)
... Removed 37 stack frames]]>
    </failure>
  </testcase> <!-- @AfterMethod tearDown -->
  <testcase classname="com.tutorialsninja.qa.testCases.TestRegister" name="verifyRegisteringAnAccountByProvidingMandatoryField" time="4.057"/>
  <testcase classname="com.tutorialsninja.qa.testCases.TestRegister" name="verifyRegisteringAnAccountByProvidingAllField" time="3.806"/>
  <testcase classname="com.tutorialsninja.qa.testCases.TestRegister" name="verifyRegisteringNotificationMessagesForMandatoryFieldBYNotProvidingFileds" time="1.735"/>
  <testcase classname="com.tutorialsninja.qa.testCases.TestRegister" name="verifyRegisteringAnAccountBySelectingNewsletterNO" time="2.969"/>
  <testcase classname="com.tutorialsninja.qa.testCases.TestRegister" name="verifyRegisteringAnAccountBySelectingNewsletterNOYES" time="2.774"/>
  <testcase classname="com.tutorialsninja.qa.testCases.TestRegister" name="verifyRegisteringAnAccountByProvidingDifferentPasswordInPasswordAndConfirmPassword" time="2.91"/>
  <testcase classname="com.tutorialsninja.qa.testCases.TestRegister" name="verifyRegisteringAnAccountByProvidingExistingAccount" time="3.747"/>
  <testcase classname="com.tutorialsninja.qa.testCases.TestRegister" name="verifyRegisteringAnAccountByInvalidEmails" time="2.456"/>
  <testcase classname="com.tutorialsninja.qa.testCases.TestRegister" name="verifyRegisteringAnAccountByInvalidEmails" time="2.114"/>
  <testcase classname="com.tutorialsninja.qa.testCases.TestRegister" name="verifyRegisteringAnAccountByInvalidEmails" time="9.1"/>
  <testcase classname="com.tutorialsninja.qa.testCases.TestRegister" name="verifyRegisteringAnAccountByInvalidPhonenumbers" time="2.863">
    <failure type="java.lang.AssertionError" message="expected [true] but found [false]">
      <![CDATA[java.lang.AssertionError: expected [true] but found [false]
at com.tutorialsninja.qa.testCases.TestRegister.verifyRegisteringAnAccountByInvalidPhonenumbers(TestRegister.java:196)
at java.base/java.util.ArrayList.forEach(ArrayList.java:1511)
... Removed 31 stack frames]]>
    </failure>
  </testcase> <!-- verifyRegisteringAnAccountByInvalidPhonenumbers -->
  <testcase classname="com.tutorialsninja.qa.testCases.TestRegister" name="verifyRegisteringAnAccountByInvalidPhonenumbers" time="2.596">
    <failure type="java.lang.AssertionError" message="expected [true] but found [false]">
      <![CDATA[java.lang.AssertionError: expected [true] but found [false]
at com.tutorialsninja.qa.testCases.TestRegister.verifyRegisteringAnAccountByInvalidPhonenumbers(TestRegister.java:196)
at java.base/java.util.ArrayList.forEach(ArrayList.java:1511)
... Removed 31 stack frames]]>
    </failure>
  </testcase> <!-- verifyRegisteringAnAccountByInvalidPhonenumbers -->
  <testcase classname="com.tutorialsninja.qa.testCases.TestRegister" name="verifyRegisteringAnAccountByProvidingSpacesInTheFields" time="0.0">
    <skipped/>
  </testcase> <!-- verifyRegisteringAnAccountByProvidingSpacesInTheFields -->
  <testcase classname="com.tutorialsninja.qa.testCases.TestRegister" name="verifyRegisteringAnAccountToCheckPageFollowingComplexityStandardsPassword" time="0.0">
    <skipped/>
  </testcase> <!-- verifyRegisteringAnAccountToCheckPageFollowingComplexityStandardsPassword -->
  <testcase classname="com.tutorialsninja.qa.testCases.TestRegister" name="verifyRegisteringAnAccountWhetherLeadingandTrailingSpacesTrimmed" time="0.0">
    <skipped/>
  </testcase> <!-- verifyRegisteringAnAccountWhetherLeadingandTrailingSpacesTrimmed -->
  <testcase classname="com.tutorialsninja.qa.testCases.TestRegister" name="verifyRegisteringAnAccountCheckPrivacyPolicyCheckboxIsNotSelectedByDefault" time="0.0">
    <skipped/>
  </testcase> <!-- verifyRegisteringAnAccountCheckPrivacyPolicyCheckboxIsNotSelectedByDefault -->
  <testcase classname="com.tutorialsninja.qa.testCases.TestRegister" name="verifyRegisteringAnAccountWithoutSelectingPrivacyPolicyCheckbox" time="0.0">
    <skipped/>
  </testcase> <!-- verifyRegisteringAnAccountWithoutSelectingPrivacyPolicyCheckbox -->
  <testcase classname="com.tutorialsninja.qa.testCases.TestRegister" name="verifyRegisteringAnAccountByFillingPasswordAndWithoutFillingConfirmPassword" time="0.0">
    <skipped/>
  </testcase> <!-- verifyRegisteringAnAccountByFillingPasswordAndWithoutFillingConfirmPassword -->
  <testcase classname="com.tutorialsninja.qa.testCases.TestLogin" name="verifyLoginToApplicationWithValidCredential" time="2.587"/>
  <testcase classname="com.tutorialsninja.qa.testCases.TestLogin" name="verifyLoginToApplicationWithInvalidCredential" time="2.835"/>
  <testcase classname="com.tutorialsninja.qa.testCases.TestLogin" name="verifyLoginToApplicationWithValidPasswordAndInvalidUserName" time="1.752"/>
  <testcase classname="com.tutorialsninja.qa.testCases.TestLogin" name="verifyLoginToApplicationWithValidUserNameInvalidPassword" time="1.791"/>
  <testcase classname="com.tutorialsninja.qa.testCases.TestLogin" name="verifyLoginToApplicationWithoutProvidingAnyCredentials" time="2.992"/>
  <testcase classname="com.tutorialsninja.qa.testCases.TestLogin" name="verifyLoginToApplicationCheckForgettenPasswordLinkIsPresnetAndClickable" time="1.663"/>
  <testcase classname="com.tutorialsninja.qa.testCases.TestLogin" name="verifyLoginToApplicationWithValidCredentialBrowsingBackUsingBrowserBackButton" time="2.188"/>
  <testcase classname="com.tutorialsninja.qa.testCases.TestLogin" name="verifyLoginToApplicationaLoginAfterThatLogoutAndBrowserBackUsingBrowserButtton" time="2.457">
    <failure type="java.lang.AssertionError" message="expected [Account Logout] but found [My Account]">
      <![CDATA[java.lang.AssertionError: expected [Account Logout] but found [My Account]
at com.tutorialsninja.qa.testCases.TestLogin.verifyLoginToApplicationaLoginAfterThatLogoutAndBrowserBackUsingBrowserButtton(TestLogin.java:136)
at java.base/java.util.ArrayList.forEach(ArrayList.java:1511)
... Removed 33 stack frames]]>
    </failure>
  </testcase> <!-- verifyLoginToApplicationaLoginAfterThatLogoutAndBrowserBackUsingBrowserButtton -->
  <testcase classname="com.tutorialsninja.qa.testCases.TestLogin" name="verifyLoginToApplicationWithMultipleTimeUnsuccessfulLoginAttempt" time="1.7"/>
  <testcase classname="com.tutorialsninja.qa.testCases.TestLogin" name="verifyLoginToApplicationWithMultipleTimeUnsuccessfulLoginAttempt" time="1.913"/>
  <testcase classname="com.tutorialsninja.qa.testCases.TestLogin" name="verifyLoginToApplicationWithMultipleTimeUnsuccessfulLoginAttempt" time="1.549"/>
  <testcase classname="com.tutorialsninja.qa.testCases.TestLogin" name="verifyLoginToApplicationWithMultipleTimeUnsuccessfulLoginAttempt" time="1.677"/>
  <testcase classname="com.tutorialsninja.qa.testCases.TestLogin" name="verifyLoginToApplicationWithMultipleTimeUnsuccessfulLoginAttempt" time="1.508"/>
  <testcase classname="com.tutorialsninja.qa.testCases.TestLogin" name="verifyLoginToApplicationWithMultipleTimeUnsuccessfulLoginAttempt" time="1.758"/>
  <testcase classname="com.tutorialsninja.qa.testCases.TestLogin" name="verifyLoginToApplicationWithMultipleTimeUnsuccessfulLoginAttempt" time="1.89"/>
  <testcase classname="com.tutorialsninja.qa.testCases.TestLogin" name="verifyLoginToApplicationWithMultipleTimeUnsuccessfulLoginAttempt" time="0.0">
    <skipped/>
  </testcase> <!-- verifyLoginToApplicationWithMultipleTimeUnsuccessfulLoginAttempt -->
  <testcase classname="com.tutorialsninja.qa.testCases.TestLogin" name="verifyLoginToApplicationWithMultipleTimeUnsuccessfulLoginAttempt" time="0.0">
    <skipped/>
  </testcase> <!-- verifyLoginToApplicationWithMultipleTimeUnsuccessfulLoginAttempt -->
  <testcase classname="com.tutorialsninja.qa.testCases.TestLogin" name="verifyLoginToApplicationWithMultipleTimeUnsuccessfulLoginAttempt" time="0.0">
    <skipped/>
  </testcase> <!-- verifyLoginToApplicationWithMultipleTimeUnsuccessfulLoginAttempt -->
  <testcase classname="com.tutorialsninja.qa.testCases.TestLogin" name="verifyLoginToApplicationByCopyingPasswordFiledText" time="0.0">
    <skipped/>
  </testcase> <!-- verifyLoginToApplicationByCopyingPasswordFiledText -->
  <testcase classname="com.tutorialsninja.qa.testCases.TestLogin" name="verifyLoginToApplicationCheckPasswordIsNotVisibleInPageSource" time="0.0">
    <skipped/>
  </testcase> <!-- verifyLoginToApplicationCheckPasswordIsNotVisibleInPageSource -->
  <testcase classname="com.tutorialsninja.qa.testCases.TestLogin" name="verifyLoginToApplicationAfterChangingPassword" time="0.0">
    <skipped/>
  </testcase> <!-- verifyLoginToApplicationAfterChangingPassword -->
  <testcase classname="com.tutorialsninja.qa.testCases.TestLogin" name="verifyLoginToApplicationCheckUserIsAbleToNavigateToOtherPages" time="0.0">
    <skipped/>
  </testcase> <!-- verifyLoginToApplicationCheckUserIsAbleToNavigateToOtherPages -->
  <testcase classname="com.tutorialsninja.qa.testCases.TestLogin" name="verifyLoginToApplicationAfterChangingPasswordAndChangingBackToOriginalPassword" time="0.0">
    <skipped/>
  </testcase> <!-- verifyLoginToApplicationAfterChangingPasswordAndChangingBackToOriginalPassword -->
  <testcase classname="com.tutorialsninja.qa.testCases.TestLogout" name="verifyLoggingOutFromApplicationFromMyAccountDropdown" time="3.129"/>
  <testcase classname="com.tutorialsninja.qa.testCases.TestLogout" name="verifyLoggingOutFromApplicationFromLogoutOptionOnPage" time="2.2"/>
  <testcase classname="com.tutorialsninja.qa.testCases.TestLogout" name="verifyLoggingOutFromApplicationAndBrowsingBack" time="0.0">
    <skipped/>
  </testcase> <!-- verifyLoggingOutFromApplicationAndBrowsingBack -->
  <testcase classname="com.tutorialsninja.qa.testCases.TestLogout" name="verifyLoggingOutFromApplicationLogoutOptionShouldNotDisplayedBeforeLoginToAccountInAccountDrodown" time="0.0">
    <skipped/>
  </testcase> <!-- verifyLoggingOutFromApplicationLogoutOptionShouldNotDisplayedBeforeLoginToAccountInAccountDrodown -->
  <testcase classname="com.tutorialsninja.qa.testCases.TestLogout" name="verifyLoggingOutFromApplicationLogoutOptionShouldNotDisplayBeforeLoginUnderRightColumn" time="0.0">
    <skipped/>
  </testcase> <!-- verifyLoggingOutFromApplicationLogoutOptionShouldNotDisplayBeforeLoginUnderRightColumn -->
  <testcase classname="com.tutorialsninja.qa.testCases.TestLogout" name="verifyLoggingOutFromApplicationAfterLogoutFromOneAccountImmediatelyLoginFromAnotherAccount" time="0.0">
    <skipped/>
  </testcase> <!-- verifyLoggingOutFromApplicationAfterLogoutFromOneAccountImmediatelyLoginFromAnotherAccount -->
  <testcase classname="com.tutorialsninja.qa.testCases.TestForgetPassword" name="verifyForgetPasswordUserAbleToRestorePassword" time="2.777">
    <failure type="java.lang.AssertionError" message="expected [true] but found [false]">
      <![CDATA[java.lang.AssertionError: expected [true] but found [false]
at com.tutorialsninja.qa.testCases.TestForgetPassword.verifyForgetPasswordUserAbleToRestorePassword(TestForgetPassword.java:77)
at java.base/java.util.ArrayList.forEach(ArrayList.java:1511)
... Removed 31 stack frames]]>
    </failure>
  </testcase> <!-- verifyForgetPasswordUserAbleToRestorePassword -->
  <testcase classname="com.tutorialsninja.qa.testCases.TestForgetPassword" name="verifyForgetPasswordCheckLoggingIntoApplicationWithOldPasswordAfterResettingPasswordIntitiatedProcess" time="2.329"/>
  <testcase classname="com.tutorialsninja.qa.testCases.TestForgetPassword" name="verifyForgetPasswordWithNonRegisteredAccount" time="1.21"/>
  <testcase classname="com.tutorialsninja.qa.testCases.TestForgetPassword" name="verifyForgetPasswordWithoutProvidingEmailAddress" time="0.9">
    <failure type="java.lang.AssertionError" message="E-Mail must be between 4 and 20 characters!&amp;apos; should be displayed for &amp;apos;E-Mail Address&amp;apos; field expected [true] but found [false]">
      <![CDATA[java.lang.AssertionError: E-Mail must be between 4 and 20 characters!' should be displayed for 'E-Mail Address' field expected [true] but found [false]
at com.tutorialsninja.qa.testCases.TestForgetPassword.verifyForgetPasswordWithoutProvidingEmailAddress(TestForgetPassword.java:119)
at java.base/java.util.ArrayList.forEach(ArrayList.java:1511)
... Removed 30 stack frames]]>
    </failure>
  </testcase> <!-- verifyForgetPasswordWithoutProvidingEmailAddress -->
  <testcase classname="com.tutorialsninja.qa.testCases.TestSearch" name="verifySearchingWithExistingProductName" time="0.904"/>
  <testcase classname="com.tutorialsninja.qa.testCases.TestSearch" name="verifySearchingWithNonExistingProductName" time="0.868"/>
  <testcase classname="com.tutorialsninja.qa.testCases.TestSearch" name="verifySearchingWithotProvidingAnyProductName" time="0.712"/>
  <testcase classname="com.tutorialsninja.qa.testCases.TestSearch" name="verifySearchingForProductAfterLoginToApplication" time="2.957"/>
  <testcase classname="com.tutorialsninja.qa.testCases.TestSearch" name="verifySearchingWithSearchingCriteria" time="1.239"/>
  <testcase classname="com.tutorialsninja.qa.testCases.TestSearch" name="verifySearchingUsingTextFromProductDescription" time="1.388"/>
  <testcase classname="com.tutorialsninja.qa.testCases.TestSearch" name="verifySearchingBySelectingCategoryOfProduct" time="2.058"/>
  <testcase classname="com.tutorialsninja.qa.testCases.TestSearch" name="verifySearchingBySelectingSearchInSubcategories" time="1.492"/>
  <testcase classname="com.tutorialsninja.qa.testCases.TestSearch" name="verifySearchingViewListAndGridWhenOnePrdouctDisplayed" time="4.086"/>
  <testcase classname="com.tutorialsninja.qa.testCases.TestAddToCart" name="verifyAddToCartByAddingProductToCartFromProductDisplayPage" time="2.365"/>
  <testcase classname="com.tutorialsninja.qa.testCases.TestAddToCart" name="VerifyAddToCartAddingProductFromWishList" time="2.671"/>
  <testcase classname="com.tutorialsninja.qa.testCases.TestAddToCart" name="verifyAddToCartAddingProductToCartFromSearchPage" time="1.363"/>
  <testcase classname="com.tutorialsninja.qa.testCases.TestAddToCart" name="verifyAddToCartProductToCartFromRelatedProductsSectionOfProductDisplayPage" time="2.587"/>
  <testcase classname="com.tutorialsninja.qa.testCases.TestAddToCart" name="verifyAddToCartAddingProductToCartFromTheProductsDisplayedInCategoryOrSubCategory" time="2.442"/>
  <testcase classname="com.tutorialsninja.qa.testCases.TestAddToCart" name="verifyAddtoCartByAddingProductToCartFromProductComparisonPage" time="2.449"/>
</testsuite> <!-- Automation Test cases -->
