<?xml version="1.0" encoding="UTF-8"?>
<!-- Generated by org.testng.reporters.JUnitXMLReporter -->
<testsuite ignored="0" hostname="DESKTOP-9E25G1U" failures="5" tests="25" name="Automation Test cases" time="190.144" errors="0" timestamp="2023-08-03T15:49:26 IST">
  <testcase classname="com.tutorialsninja.qa.testCases.TestRegister" name="verifyRegisteringAnAccountByProvidingMandatoryField" time="2.999"/>
  <testcase classname="com.tutorialsninja.qa.testCases.TestRegister" name="verifyRegisteringAnAccountByProvidingAllField" time="2.816"/>
  <testcase classname="com.tutorialsninja.qa.testCases.TestRegister" name="verifyRegisteringNotificationMessagesForMandatoryFieldBYNotProvidingFileds" time="1.615"/>
  <testcase classname="com.tutorialsninja.qa.testCases.TestRegister" name="verifyRegisteringAnAccountBySelectingNewsletterNO" time="3.689"/>
  <testcase classname="com.tutorialsninja.qa.testCases.TestRegister" name="verifyRegisteringAnAccountBySelectingNewsletterNOYES" time="3.274"/>
  <testcase classname="com.tutorialsninja.qa.testCases.TestRegister" name="verifyRegisteringAnAccountByProvidingDifferentPasswordInPasswordAndConfirmPassword" time="2.921"/>
  <testcase classname="com.tutorialsninja.qa.testCases.TestRegister" name="verifyRegisteringAnAccountByProvidingExistingAccount" time="2.927"/>
  <testcase classname="com.tutorialsninja.qa.testCases.TestRegister" name="verifyRegisteringAnAccountByInvalidEmails" time="4.148"/>
  <testcase classname="com.tutorialsninja.qa.testCases.TestRegister" name="verifyRegisteringAnAccountByInvalidEmails" time="2.645"/>
  <testcase classname="com.tutorialsninja.qa.testCases.TestRegister" name="verifyRegisteringAnAccountByInvalidEmails" time="4.094"/>
  <testcase classname="com.tutorialsninja.qa.testCases.TestRegister" name="verifyRegisteringAnAccountByInvalidPhonenumbers" time="3.708">
    <failure type="java.lang.AssertionError" message="expected [true] but found [false]">
      <![CDATA[java.lang.AssertionError: expected [true] but found [false]
at com.tutorialsninja.qa.testCases.TestRegister.verifyRegisteringAnAccountByInvalidPhonenumbers(TestRegister.java:196)
at java.base/java.util.ArrayList.forEach(ArrayList.java:1511)
... Removed 31 stack frames]]>
    </failure>
  </testcase> <!-- verifyRegisteringAnAccountByInvalidPhonenumbers -->
  <testcase classname="com.tutorialsninja.qa.testCases.TestRegister" name="verifyRegisteringAnAccountByInvalidPhonenumbers" time="2.918">
    <failure type="java.lang.AssertionError" message="expected [true] but found [false]">
      <![CDATA[java.lang.AssertionError: expected [true] but found [false]
at com.tutorialsninja.qa.testCases.TestRegister.verifyRegisteringAnAccountByInvalidPhonenumbers(TestRegister.java:196)
at java.base/java.util.ArrayList.forEach(ArrayList.java:1511)
... Removed 31 stack frames]]>
    </failure>
  </testcase> <!-- verifyRegisteringAnAccountByInvalidPhonenumbers -->
  <testcase classname="com.tutorialsninja.qa.testCases.TestRegister" name="verifyRegisteringAnAccountByProvidingSpacesInTheFields" time="2.209">
    <failure type="java.lang.AssertionError" message="expected [Telephone must be between 3 and 32 characters!] but found [Password]">
      <![CDATA[java.lang.AssertionError: expected [Telephone must be between 3 and 32 characters!] but found [Password]
at com.tutorialsninja.qa.testCases.TestRegister.verifyRegisteringAnAccountByProvidingSpacesInTheFields(TestRegister.java:224)
at java.base/java.util.ArrayList.forEach(ArrayList.java:1511)
... Removed 33 stack frames]]>
    </failure>
  </testcase> <!-- verifyRegisteringAnAccountByProvidingSpacesInTheFields -->
  <testcase classname="com.tutorialsninja.qa.testCases.TestRegister" name="verifyRegisteringAnAccountToCheckPageFollowingComplexityStandardsPassword" time="12.506">
    <failure type="org.openqa.selenium.NoSuchElementException" message="no such element: Unable to locate element: {&amp;quot;method&amp;quot;:&amp;quot;xpath&amp;quot;,&amp;quot;selector&amp;quot;:&amp;quot;//input[@id=&amp;apos;input-password&amp;apos;]/following::div[1]&amp;quot;}
  (Session info: chrome=115.0.5790.110)
For documentation on this error, please visit: https://selenium.dev/exceptions/#no_such_element
Build info: version: &amp;apos;4.6.0&amp;apos;, revision: &amp;apos;79f1c02ae20&amp;apos;
System info: os.name: &amp;apos;Windows 10&amp;apos;, os.arch: &amp;apos;amd64&amp;apos;, os.version: &amp;apos;10.0&amp;apos;, java.version: &amp;apos;17.0.5&amp;apos;
Driver info: org.openqa.selenium.chrome.ChromeDriver
Command: [d4de4e4bda493250bd5412e17aceb067, findElement {using=xpath, value=//input[@id=&amp;apos;input-password&amp;apos;]/following::div[1]}]
Capabilities {acceptInsecureCerts: false, browserName: chrome, browserVersion: 115.0.5790.110, chrome: {chromedriverVersion: 115.0.5790.102 (90efd4b0ad6..., userDataDir: C:\Users\Zuber\AppData\Loca...}, goog:chromeOptions: {debuggerAddress: localhost:61859}, networkConnectionEnabled: false, pageLoadStrategy: normal, platformName: WINDOWS, proxy: Proxy(), se:cdp: ws://localhost:61859/devtoo..., se:cdpVersion: 115.0.5790.110, setWindowRect: true, strictFileInteractability: false, timeouts: {implicit: 0, pageLoad: 300000, script: 30000}, unhandledPromptBehavior: dismiss and notify, webauthn:extension:credBlob: true, webauthn:extension:largeBlob: true, webauthn:extension:minPinLength: true, webauthn:extension:prf: true, webauthn:virtualAuthenticators: true}
Session ID: d4de4e4bda493250bd5412e17aceb067">
      <![CDATA[org.openqa.selenium.NoSuchElementException: no such element: Unable to locate element: {"method":"xpath","selector":"//input[@id='input-password']/following::div[1]"}
  (Session info: chrome=115.0.5790.110)
For documentation on this error, please visit: https://selenium.dev/exceptions/#no_such_element
Build info: version: '4.6.0', revision: '79f1c02ae20'
System info: os.name: 'Windows 10', os.arch: 'amd64', os.version: '10.0', java.version: '17.0.5'
Driver info: org.openqa.selenium.chrome.ChromeDriver
Command: [d4de4e4bda493250bd5412e17aceb067, findElement {using=xpath, value=//input[@id='input-password']/following::div[1]}]
Capabilities {acceptInsecureCerts: false, browserName: chrome, browserVersion: 115.0.5790.110, chrome: {chromedriverVersion: 115.0.5790.102 (90efd4b0ad6..., userDataDir: C:\Users\Zuber\AppData\Loca...}, goog:chromeOptions: {debuggerAddress: localhost:61859}, networkConnectionEnabled: false, pageLoadStrategy: normal, platformName: WINDOWS, proxy: Proxy(), se:cdp: ws://localhost:61859/devtoo..., se:cdpVersion: 115.0.5790.110, setWindowRect: true, strictFileInteractability: false, timeouts: {implicit: 0, pageLoad: 300000, script: 30000}, unhandledPromptBehavior: dismiss and notify, webauthn:extension:credBlob: true, webauthn:extension:largeBlob: true, webauthn:extension:minPinLength: true, webauthn:extension:prf: true, webauthn:virtualAuthenticators: true}
Session ID: d4de4e4bda493250bd5412e17aceb067
at org.openqa.selenium.remote.codec.w3c.W3CHttpResponseCodec.createException(W3CHttpResponseCodec.java:200)
at org.openqa.selenium.remote.codec.w3c.W3CHttpResponseCodec.decode(W3CHttpResponseCodec.java:133)
at org.openqa.selenium.remote.codec.w3c.W3CHttpResponseCodec.decode(W3CHttpResponseCodec.java:53)
at org.openqa.selenium.remote.HttpCommandExecutor.execute(HttpCommandExecutor.java:184)
at org.openqa.selenium.remote.service.DriverCommandExecutor.invokeExecute(DriverCommandExecutor.java:167)
at org.openqa.selenium.remote.service.DriverCommandExecutor.execute(DriverCommandExecutor.java:142)
at org.openqa.selenium.remote.RemoteWebDriver.execute(RemoteWebDriver.java:541)
at org.openqa.selenium.remote.ElementLocation$ElementFinder$2.findElement(ElementLocation.java:162)
at org.openqa.selenium.remote.ElementLocation.findElement(ElementLocation.java:60)
at org.openqa.selenium.remote.RemoteWebDriver.findElement(RemoteWebDriver.java:365)
at org.openqa.selenium.remote.RemoteWebDriver.findElement(RemoteWebDriver.java:357)
at org.openqa.selenium.support.pagefactory.DefaultElementLocator.findElement(DefaultElementLocator.java:70)
at org.openqa.selenium.support.pagefactory.internal.LocatingElementHandler.invoke(LocatingElementHandler.java:39)
at jdk.proxy2/jdk.proxy2.$Proxy26.getText(Unknown Source)
at com.tutorialsninja.qa.pageObjects.RegisterPageObjects.passwordActualWarningMessage(RegisterPageObjects.java:88)
at com.tutorialsninja.qa.testCases.TestRegister.verifyRegisteringAnAccountToCheckPageFollowingComplexityStandardsPassword(TestRegister.java:245)
at java.base/java.util.ArrayList.forEach(ArrayList.java:1511)
... Removed 32 stack frames]]>
    </failure>
  </testcase> <!-- verifyRegisteringAnAccountToCheckPageFollowingComplexityStandardsPassword -->
  <testcase classname="com.tutorialsninja.qa.testCases.TestRegister" name="verifyRegisteringAnAccountWhetherLeadingandTrailingSpacesTrimmed" time="3.099">
    <failure type="java.lang.AssertionError" message="did not expect [    test    ] but found [    test    ]">
      <![CDATA[java.lang.AssertionError: did not expect [    test    ] but found [    test    ]
at com.tutorialsninja.qa.testCases.TestRegister.verifyRegisteringAnAccountWhetherLeadingandTrailingSpacesTrimmed(TestRegister.java:263)
at java.base/java.util.ArrayList.forEach(ArrayList.java:1511)
... Removed 32 stack frames]]>
    </failure>
  </testcase> <!-- verifyRegisteringAnAccountWhetherLeadingandTrailingSpacesTrimmed -->
  <testcase classname="com.tutorialsninja.qa.testCases.TestRegister" name="verifyRegisteringAnAccountCheckPrivacyPolicyCheckboxIsNotSelectedByDefault" time="1.42"/>
  <testcase classname="com.tutorialsninja.qa.testCases.TestRegister" name="verifyRegisteringAnAccountWithoutSelectingPrivacyPolicyCheckbox" time="2.382"/>
  <testcase classname="com.tutorialsninja.qa.testCases.TestRegister" name="verifyRegisteringAnAccountByFillingPasswordAndWithoutFillingConfirmPassword" time="2.776"/>
  <testcase classname="com.tutorialsninja.qa.testCases.TestLogin" name="verifyLoginToApplicationWithValidCredential" time="1.67"/>
  <testcase classname="com.tutorialsninja.qa.testCases.TestLogin" name="verifyLoginToApplicationWithInvalidCredential" time="1.492"/>
  <testcase classname="com.tutorialsninja.qa.testCases.TestLogin" name="verifyLoginToApplicationWithValidPasswordAndInvalidUserName" time="1.51"/>
  <testcase classname="com.tutorialsninja.qa.testCases.TestLogin" name="verifyLoginToApplicationWithValidUserNameInvalidPassword" time="2.169"/>
  <testcase classname="com.tutorialsninja.qa.testCases.TestLogin" name="verifyLoginToApplicationWithoutProvidingAnyCredentials" time="1.392"/>
  <testcase classname="com.tutorialsninja.qa.testCases.TestLogin" name="verifyLoginToApplicationCheckForgettenPasswordLinkIsPresnetAndClickable" time="1.51"/>
  <testcase classname="com.tutorialsninja.qa.testCases.TestLogin" name="verifyLoginToApplicationWithValidCredentialBrowsingBackUsingBrowserBackButton" time="2.105"/>
</testsuite> <!-- Automation Test cases -->
